{"/Users/whitneyburton/Documents/turing/mod3/news-album/src/actions/index.js": {"path":"/Users/whitneyburton/Documents/turing/mod3/news-album/src/actions/index.js","statementMap":{"0":{"start":{"line":1,"column":25},"end":{"line":4,"column":2}},"1":{"start":{"line":1,"column":40},"end":{"line":4,"column":1}},"2":{"start":{"line":6,"column":30},"end":{"line":9,"column":2}},"3":{"start":{"line":6,"column":45},"end":{"line":9,"column":1}},"4":{"start":{"line":11,"column":31},"end":{"line":14,"column":2}},"5":{"start":{"line":11,"column":46},"end":{"line":14,"column":1}},"6":{"start":{"line":16,"column":29},"end":{"line":19,"column":2}},"7":{"start":{"line":16,"column":40},"end":{"line":19,"column":1}},"8":{"start":{"line":21,"column":24},"end":{"line":24,"column":2}},"9":{"start":{"line":21,"column":38},"end":{"line":24,"column":1}},"10":{"start":{"line":26,"column":28},"end":{"line":29,"column":2}},"11":{"start":{"line":26,"column":42},"end":{"line":29,"column":1}}},"fnMap":{"0":{"name":"(anonymous_0)","decl":{"start":{"line":1,"column":25},"end":{"line":1,"column":26}},"loc":{"start":{"line":1,"column":40},"end":{"line":4,"column":1}},"line":1},"1":{"name":"(anonymous_1)","decl":{"start":{"line":6,"column":30},"end":{"line":6,"column":31}},"loc":{"start":{"line":6,"column":45},"end":{"line":9,"column":1}},"line":6},"2":{"name":"(anonymous_2)","decl":{"start":{"line":11,"column":31},"end":{"line":11,"column":32}},"loc":{"start":{"line":11,"column":46},"end":{"line":14,"column":1}},"line":11},"3":{"name":"(anonymous_3)","decl":{"start":{"line":16,"column":29},"end":{"line":16,"column":30}},"loc":{"start":{"line":16,"column":40},"end":{"line":19,"column":1}},"line":16},"4":{"name":"(anonymous_4)","decl":{"start":{"line":21,"column":24},"end":{"line":21,"column":25}},"loc":{"start":{"line":21,"column":38},"end":{"line":24,"column":1}},"line":21},"5":{"name":"(anonymous_5)","decl":{"start":{"line":26,"column":28},"end":{"line":26,"column":29}},"loc":{"start":{"line":26,"column":42},"end":{"line":29,"column":1}},"line":26}},"branchMap":{},"s":{"0":14,"1":7,"2":14,"3":7,"4":14,"5":7,"6":14,"7":35,"8":14,"9":8,"10":14,"11":0},"f":{"0":7,"1":7,"2":7,"3":35,"4":8,"5":0},"b":{},"_coverageSchema":"332fd63041d2c1bcb487cc26dd0d5f7d97098a6c","hash":"39bb39eb877bfbb7ed59bae2c1f0aa3b8c3aeee0"}
,"/Users/whitneyburton/Documents/turing/mod3/news-album/src/components/Error404/Error404.js": {"path":"/Users/whitneyburton/Documents/turing/mod3/news-album/src/components/Error404/Error404.js","statementMap":{"0":{"start":{"line":3,"column":24},"end":{"line":9,"column":1}},"1":{"start":{"line":4,"column":2},"end":{"line":8,"column":4}}},"fnMap":{"0":{"name":"(anonymous_0)","decl":{"start":{"line":3,"column":24},"end":{"line":3,"column":25}},"loc":{"start":{"line":3,"column":30},"end":{"line":9,"column":1}},"line":3}},"branchMap":{},"s":{"0":2,"1":2},"f":{"0":2},"b":{},"_coverageSchema":"332fd63041d2c1bcb487cc26dd0d5f7d97098a6c","hash":"d19f9159074a254c2e3e5ccbbc284d88b5a53600"}
,"/Users/whitneyburton/Documents/turing/mod3/news-album/src/components/Header/Header.js": {"path":"/Users/whitneyburton/Documents/turing/mod3/news-album/src/components/Header/Header.js","statementMap":{"0":{"start":{"line":3,"column":22},"end":{"line":16,"column":1}},"1":{"start":{"line":4,"column":2},"end":{"line":15,"column":3}}},"fnMap":{"0":{"name":"(anonymous_0)","decl":{"start":{"line":3,"column":22},"end":{"line":3,"column":23}},"loc":{"start":{"line":3,"column":28},"end":{"line":16,"column":1}},"line":3}},"branchMap":{},"s":{"0":2,"1":2},"f":{"0":2},"b":{},"_coverageSchema":"332fd63041d2c1bcb487cc26dd0d5f7d97098a6c","hash":"27b8c28cdfc0891f7077e768fa864cffd19478ca"}
,"/Users/whitneyburton/Documents/turing/mod3/news-album/src/components/Home/Home.js": {"path":"/Users/whitneyburton/Documents/turing/mod3/news-album/src/components/Home/Home.js","statementMap":{"0":{"start":{"line":3,"column":20},"end":{"line":9,"column":1}},"1":{"start":{"line":4,"column":2},"end":{"line":8,"column":3}}},"fnMap":{"0":{"name":"(anonymous_0)","decl":{"start":{"line":3,"column":20},"end":{"line":3,"column":21}},"loc":{"start":{"line":3,"column":26},"end":{"line":9,"column":1}},"line":3}},"branchMap":{},"s":{"0":2,"1":2},"f":{"0":2},"b":{},"_coverageSchema":"332fd63041d2c1bcb487cc26dd0d5f7d97098a6c","hash":"54ec8ea3f3908c17f2e26936a2f7a372198518db"}
,"/Users/whitneyburton/Documents/turing/mod3/news-album/src/components/Loader/Loader.js": {"path":"/Users/whitneyburton/Documents/turing/mod3/news-album/src/components/Loader/Loader.js","statementMap":{"0":{"start":{"line":3,"column":22},"end":{"line":9,"column":1}},"1":{"start":{"line":4,"column":2},"end":{"line":8,"column":4}}},"fnMap":{"0":{"name":"(anonymous_0)","decl":{"start":{"line":3,"column":22},"end":{"line":3,"column":23}},"loc":{"start":{"line":3,"column":28},"end":{"line":9,"column":1}},"line":3}},"branchMap":{},"s":{"0":2,"1":1},"f":{"0":1},"b":{},"_coverageSchema":"332fd63041d2c1bcb487cc26dd0d5f7d97098a6c","hash":"ce20850eae19f47fb39ed11599ac6f1577fa36eb"}
,"/Users/whitneyburton/Documents/turing/mod3/news-album/src/components/Nav/Nav.js": {"path":"/Users/whitneyburton/Documents/turing/mod3/news-album/src/components/Nav/Nav.js","statementMap":{"0":{"start":{"line":4,"column":19},"end":{"line":29,"column":1}},"1":{"start":{"line":5,"column":2},"end":{"line":28,"column":3}}},"fnMap":{"0":{"name":"(anonymous_0)","decl":{"start":{"line":4,"column":19},"end":{"line":4,"column":20}},"loc":{"start":{"line":4,"column":25},"end":{"line":29,"column":1}},"line":4}},"branchMap":{},"s":{"0":2,"1":2},"f":{"0":2},"b":{},"_coverageSchema":"332fd63041d2c1bcb487cc26dd0d5f7d97098a6c","hash":"6975376426c621be6795aa1696c99300fbcb489a"}
,"/Users/whitneyburton/Documents/turing/mod3/news-album/src/containers/App/App.js": {"path":"/Users/whitneyburton/Documents/turing/mod3/news-album/src/containers/App/App.js","statementMap":{"0":{"start":{"line":19,"column":4},"end":{"line":19,"column":35}},"1":{"start":{"line":20,"column":4},"end":{"line":20,"column":40}},"2":{"start":{"line":21,"column":4},"end":{"line":21,"column":41}},"3":{"start":{"line":22,"column":4},"end":{"line":22,"column":34}},"4":{"start":{"line":26,"column":74},"end":{"line":26,"column":84}},"5":{"start":{"line":27,"column":19},"end":{"line":27,"column":31}},"6":{"start":{"line":29,"column":4},"end":{"line":35,"column":5}},"7":{"start":{"line":30,"column":6},"end":{"line":30,"column":73}},"8":{"start":{"line":30,"column":54},"end":{"line":30,"column":71}},"9":{"start":{"line":31,"column":11},"end":{"line":35,"column":5}},"10":{"start":{"line":32,"column":6},"end":{"line":32,"column":78}},"11":{"start":{"line":32,"column":59},"end":{"line":32,"column":76}},"12":{"start":{"line":33,"column":11},"end":{"line":35,"column":5}},"13":{"start":{"line":34,"column":6},"end":{"line":34,"column":79}},"14":{"start":{"line":34,"column":60},"end":{"line":34,"column":77}},"15":{"start":{"line":36,"column":4},"end":{"line":39,"column":19}},"16":{"start":{"line":43,"column":74},"end":{"line":43,"column":84}},"17":{"start":{"line":44,"column":26},"end":{"line":44,"column":77}},"18":{"start":{"line":45,"column":26},"end":{"line":50,"column":6}},"19":{"start":{"line":46,"column":6},"end":{"line":48,"column":7}},"20":{"start":{"line":47,"column":8},"end":{"line":47,"column":34}},"21":{"start":{"line":49,"column":6},"end":{"line":49,"column":21}},"22":{"start":{"line":51,"column":4},"end":{"line":51,"column":40}},"23":{"start":{"line":52,"column":32},"end":{"line":57,"column":6}},"24":{"start":{"line":53,"column":6},"end":{"line":55,"column":7}},"25":{"start":{"line":54,"column":8},"end":{"line":54,"column":34}},"26":{"start":{"line":56,"column":6},"end":{"line":56,"column":21}},"27":{"start":{"line":58,"column":4},"end":{"line":58,"column":52}},"28":{"start":{"line":59,"column":31},"end":{"line":64,"column":6}},"29":{"start":{"line":60,"column":6},"end":{"line":62,"column":7}},"30":{"start":{"line":61,"column":8},"end":{"line":61,"column":34}},"31":{"start":{"line":63,"column":6},"end":{"line":63,"column":21}},"32":{"start":{"line":65,"column":4},"end":{"line":65,"column":51}},"33":{"start":{"line":69,"column":26},"end":{"line":69,"column":36}},"34":{"start":{"line":70,"column":4},"end":{"line":101,"column":6}},"35":{"start":{"line":87,"column":35},"end":{"line":87,"column":69}},"36":{"start":{"line":90,"column":35},"end":{"line":90,"column":69}},"37":{"start":{"line":93,"column":35},"end":{"line":93,"column":69}},"38":{"start":{"line":105,"column":31},"end":{"line":110,"column":2}},"39":{"start":{"line":105,"column":43},"end":{"line":110,"column":1}},"40":{"start":{"line":112,"column":34},"end":{"line":119,"column":2}},"41":{"start":{"line":112,"column":49},"end":{"line":119,"column":1}},"42":{"start":{"line":113,"column":21},"end":{"line":113,"column":44}},"43":{"start":{"line":114,"column":27},"end":{"line":114,"column":56}},"44":{"start":{"line":115,"column":26},"end":{"line":115,"column":54}},"45":{"start":{"line":116,"column":27},"end":{"line":116,"column":56}},"46":{"start":{"line":117,"column":33},"end":{"line":117,"column":68}},"47":{"start":{"line":118,"column":32},"end":{"line":118,"column":66}},"48":{"start":{"line":123,"column":0},"end":{"line":131,"column":1}}},"fnMap":{"0":{"name":"(anonymous_0)","decl":{"start":{"line":18,"column":22},"end":{"line":18,"column":23}},"loc":{"start":{"line":18,"column":34},"end":{"line":23,"column":3}},"line":18},"1":{"name":"(anonymous_1)","decl":{"start":{"line":25,"column":20},"end":{"line":25,"column":21}},"loc":{"start":{"line":25,"column":35},"end":{"line":40,"column":3}},"line":25},"2":{"name":"(anonymous_2)","decl":{"start":{"line":30,"column":43},"end":{"line":30,"column":44}},"loc":{"start":{"line":30,"column":54},"end":{"line":30,"column":71}},"line":30},"3":{"name":"(anonymous_3)","decl":{"start":{"line":32,"column":48},"end":{"line":32,"column":49}},"loc":{"start":{"line":32,"column":59},"end":{"line":32,"column":76}},"line":32},"4":{"name":"(anonymous_4)","decl":{"start":{"line":34,"column":49},"end":{"line":34,"column":50}},"loc":{"start":{"line":34,"column":60},"end":{"line":34,"column":77}},"line":34},"5":{"name":"(anonymous_5)","decl":{"start":{"line":42,"column":28},"end":{"line":42,"column":29}},"loc":{"start":{"line":42,"column":34},"end":{"line":66,"column":3}},"line":42},"6":{"name":"(anonymous_6)","decl":{"start":{"line":45,"column":45},"end":{"line":45,"column":46}},"loc":{"start":{"line":45,"column":56},"end":{"line":50,"column":5}},"line":45},"7":{"name":"(anonymous_7)","decl":{"start":{"line":52,"column":57},"end":{"line":52,"column":58}},"loc":{"start":{"line":52,"column":68},"end":{"line":57,"column":5}},"line":52},"8":{"name":"(anonymous_8)","decl":{"start":{"line":59,"column":55},"end":{"line":59,"column":56}},"loc":{"start":{"line":59,"column":66},"end":{"line":64,"column":5}},"line":59},"9":{"name":"(anonymous_9)","decl":{"start":{"line":68,"column":2},"end":{"line":68,"column":3}},"loc":{"start":{"line":68,"column":11},"end":{"line":102,"column":3}},"line":68},"10":{"name":"(anonymous_10)","decl":{"start":{"line":87,"column":20},"end":{"line":87,"column":21}},"loc":{"start":{"line":87,"column":35},"end":{"line":87,"column":69}},"line":87},"11":{"name":"(anonymous_11)","decl":{"start":{"line":90,"column":20},"end":{"line":90,"column":21}},"loc":{"start":{"line":90,"column":35},"end":{"line":90,"column":69}},"line":90},"12":{"name":"(anonymous_12)","decl":{"start":{"line":93,"column":20},"end":{"line":93,"column":21}},"loc":{"start":{"line":93,"column":35},"end":{"line":93,"column":69}},"line":93},"13":{"name":"(anonymous_13)","decl":{"start":{"line":105,"column":31},"end":{"line":105,"column":32}},"loc":{"start":{"line":105,"column":43},"end":{"line":110,"column":1}},"line":105},"14":{"name":"(anonymous_14)","decl":{"start":{"line":112,"column":34},"end":{"line":112,"column":35}},"loc":{"start":{"line":112,"column":49},"end":{"line":119,"column":1}},"line":112},"15":{"name":"(anonymous_15)","decl":{"start":{"line":113,"column":15},"end":{"line":113,"column":16}},"loc":{"start":{"line":113,"column":21},"end":{"line":113,"column":44}},"line":113},"16":{"name":"(anonymous_16)","decl":{"start":{"line":114,"column":21},"end":{"line":114,"column":22}},"loc":{"start":{"line":114,"column":27},"end":{"line":114,"column":56}},"line":114},"17":{"name":"(anonymous_17)","decl":{"start":{"line":115,"column":20},"end":{"line":115,"column":21}},"loc":{"start":{"line":115,"column":26},"end":{"line":115,"column":54}},"line":115},"18":{"name":"(anonymous_18)","decl":{"start":{"line":116,"column":13},"end":{"line":116,"column":14}},"loc":{"start":{"line":116,"column":27},"end":{"line":116,"column":56}},"line":116},"19":{"name":"(anonymous_19)","decl":{"start":{"line":117,"column":19},"end":{"line":117,"column":20}},"loc":{"start":{"line":117,"column":33},"end":{"line":117,"column":68}},"line":117},"20":{"name":"(anonymous_20)","decl":{"start":{"line":118,"column":18},"end":{"line":118,"column":19}},"loc":{"start":{"line":118,"column":32},"end":{"line":118,"column":66}},"line":118}},"branchMap":{"0":{"loc":{"start":{"line":29,"column":4},"end":{"line":35,"column":5}},"type":"if","locations":[{"start":{"line":29,"column":4},"end":{"line":35,"column":5}},{"start":{"line":29,"column":4},"end":{"line":35,"column":5}}],"line":29},"1":{"loc":{"start":{"line":31,"column":11},"end":{"line":35,"column":5}},"type":"if","locations":[{"start":{"line":31,"column":11},"end":{"line":35,"column":5}},{"start":{"line":31,"column":11},"end":{"line":35,"column":5}}],"line":31},"2":{"loc":{"start":{"line":33,"column":11},"end":{"line":35,"column":5}},"type":"if","locations":[{"start":{"line":33,"column":11},"end":{"line":35,"column":5}},{"start":{"line":33,"column":11},"end":{"line":35,"column":5}}],"line":33},"3":{"loc":{"start":{"line":36,"column":11},"end":{"line":39,"column":18}},"type":"cond-expr","locations":[{"start":{"line":36,"column":29},"end":{"line":38,"column":62}},{"start":{"line":39,"column":6},"end":{"line":39,"column":18}}],"line":36},"4":{"loc":{"start":{"line":44,"column":26},"end":{"line":44,"column":77}},"type":"binary-expr","locations":[{"start":{"line":44,"column":26},"end":{"line":44,"column":71}},{"start":{"line":44,"column":75},"end":{"line":44,"column":77}}],"line":44},"5":{"loc":{"start":{"line":46,"column":6},"end":{"line":48,"column":7}},"type":"if","locations":[{"start":{"line":46,"column":6},"end":{"line":48,"column":7}},{"start":{"line":46,"column":6},"end":{"line":48,"column":7}}],"line":46},"6":{"loc":{"start":{"line":53,"column":6},"end":{"line":55,"column":7}},"type":"if","locations":[{"start":{"line":53,"column":6},"end":{"line":55,"column":7}},{"start":{"line":53,"column":6},"end":{"line":55,"column":7}}],"line":53},"7":{"loc":{"start":{"line":60,"column":6},"end":{"line":62,"column":7}},"type":"if","locations":[{"start":{"line":60,"column":6},"end":{"line":62,"column":7}},{"start":{"line":60,"column":6},"end":{"line":62,"column":7}}],"line":60},"8":{"loc":{"start":{"line":74,"column":9},"end":{"line":74,"column":32}},"type":"binary-expr","locations":[{"start":{"line":74,"column":9},"end":{"line":74,"column":18}},{"start":{"line":74,"column":22},"end":{"line":74,"column":32}}],"line":74}},"s":{"0":10,"1":10,"2":10,"3":10,"4":4,"5":4,"6":4,"7":2,"8":3,"9":2,"10":1,"11":1,"12":1,"13":1,"14":1,"15":4,"16":10,"17":10,"18":10,"19":20,"20":0,"21":20,"22":10,"23":0,"24":0,"25":0,"26":0,"27":0,"28":0,"29":0,"30":0,"31":0,"32":0,"33":9,"34":9,"35":0,"36":0,"37":0,"38":1,"39":1,"40":1,"41":3,"42":1,"43":1,"44":1,"45":0,"46":0,"47":0,"48":1},"f":{"0":10,"1":4,"2":3,"3":1,"4":1,"5":10,"6":20,"7":0,"8":0,"9":9,"10":0,"11":0,"12":0,"13":1,"14":3,"15":1,"16":1,"17":1,"18":0,"19":0,"20":0},"b":{"0":[2,2],"1":[1,1],"2":[1,0],"3":[3,1],"4":[10,10],"5":[0,20],"6":[0,0],"7":[0,0],"8":[9,1]},"_coverageSchema":"332fd63041d2c1bcb487cc26dd0d5f7d97098a6c","hash":"1ff9827e3b5d8c8bed8fb7018e3cd109b1d76b9d"}
,"/Users/whitneyburton/Documents/turing/mod3/news-album/src/containers/Article/Article.js": {"path":"/Users/whitneyburton/Documents/turing/mod3/news-album/src/containers/Article/Article.js","statementMap":{"0":{"start":{"line":8,"column":24},"end":{"line":8,"column":34}},"1":{"start":{"line":9,"column":4},"end":{"line":15,"column":5}},"2":{"start":{"line":10,"column":6},"end":{"line":10,"column":36}},"3":{"start":{"line":11,"column":11},"end":{"line":15,"column":5}},"4":{"start":{"line":12,"column":6},"end":{"line":12,"column":29}},"5":{"start":{"line":13,"column":11},"end":{"line":15,"column":5}},"6":{"start":{"line":14,"column":6},"end":{"line":14,"column":30}},"7":{"start":{"line":19,"column":24},"end":{"line":19,"column":34}},"8":{"start":{"line":20,"column":18},"end":{"line":20,"column":45}},"9":{"start":{"line":21,"column":4},"end":{"line":28,"column":5}},"10":{"start":{"line":32,"column":0},"end":{"line":34,"column":1}}},"fnMap":{"0":{"name":"(anonymous_0)","decl":{"start":{"line":7,"column":12},"end":{"line":7,"column":13}},"loc":{"start":{"line":7,"column":18},"end":{"line":16,"column":3}},"line":7},"1":{"name":"(anonymous_1)","decl":{"start":{"line":18,"column":2},"end":{"line":18,"column":3}},"loc":{"start":{"line":18,"column":11},"end":{"line":29,"column":3}},"line":18}},"branchMap":{"0":{"loc":{"start":{"line":9,"column":4},"end":{"line":15,"column":5}},"type":"if","locations":[{"start":{"line":9,"column":4},"end":{"line":15,"column":5}},{"start":{"line":9,"column":4},"end":{"line":15,"column":5}}],"line":9},"1":{"loc":{"start":{"line":11,"column":11},"end":{"line":15,"column":5}},"type":"if","locations":[{"start":{"line":11,"column":11},"end":{"line":15,"column":5}},{"start":{"line":11,"column":11},"end":{"line":15,"column":5}}],"line":11},"2":{"loc":{"start":{"line":13,"column":11},"end":{"line":15,"column":5}},"type":"if","locations":[{"start":{"line":13,"column":11},"end":{"line":15,"column":5}},{"start":{"line":13,"column":11},"end":{"line":15,"column":5}}],"line":13}},"s":{"0":9,"1":9,"2":5,"3":4,"4":2,"5":2,"6":2,"7":6,"8":6,"9":6,"10":3},"f":{"0":9,"1":6},"b":{"0":[5,4],"1":[2,2],"2":[2,0]},"_coverageSchema":"332fd63041d2c1bcb487cc26dd0d5f7d97098a6c","hash":"13cb9fdb8b71320a9c6125b7608bbf726328917f"}
,"/Users/whitneyburton/Documents/turing/mod3/news-album/src/containers/ArticleContainer/ArticleContainer.js": {"path":"/Users/whitneyburton/Documents/turing/mod3/news-album/src/containers/ArticleContainer/ArticleContainer.js","statementMap":{"0":{"start":{"line":10,"column":81},"end":{"line":10,"column":91}},"1":{"start":{"line":11,"column":4},"end":{"line":29,"column":5}},"2":{"start":{"line":14,"column":8},"end":{"line":16,"column":11}},"3":{"start":{"line":15,"column":10},"end":{"line":15,"column":63}},"4":{"start":{"line":19,"column":8},"end":{"line":21,"column":11}},"5":{"start":{"line":20,"column":10},"end":{"line":20,"column":63}},"6":{"start":{"line":24,"column":8},"end":{"line":26,"column":11}},"7":{"start":{"line":25,"column":10},"end":{"line":25,"column":63}},"8":{"start":{"line":28,"column":8},"end":{"line":28,"column":15}},"9":{"start":{"line":33,"column":27},"end":{"line":33,"column":37}},"10":{"start":{"line":34,"column":26},"end":{"line":34,"column":56}},"11":{"start":{"line":36,"column":24},"end":{"line":40,"column":5}},"12":{"start":{"line":42,"column":4},"end":{"line":49,"column":5}},"13":{"start":{"line":53,"column":31},"end":{"line":57,"column":2}},"14":{"start":{"line":53,"column":43},"end":{"line":57,"column":1}},"15":{"start":{"line":61,"column":0},"end":{"line":66,"column":1}}},"fnMap":{"0":{"name":"(anonymous_0)","decl":{"start":{"line":9,"column":28},"end":{"line":9,"column":29}},"loc":{"start":{"line":9,"column":34},"end":{"line":30,"column":3}},"line":9},"1":{"name":"(anonymous_1)","decl":{"start":{"line":14,"column":34},"end":{"line":14,"column":35}},"loc":{"start":{"line":14,"column":45},"end":{"line":16,"column":9}},"line":14},"2":{"name":"(anonymous_2)","decl":{"start":{"line":19,"column":39},"end":{"line":19,"column":40}},"loc":{"start":{"line":19,"column":50},"end":{"line":21,"column":9}},"line":19},"3":{"name":"(anonymous_3)","decl":{"start":{"line":24,"column":40},"end":{"line":24,"column":41}},"loc":{"start":{"line":24,"column":51},"end":{"line":26,"column":9}},"line":24},"4":{"name":"(anonymous_4)","decl":{"start":{"line":32,"column":2},"end":{"line":32,"column":3}},"loc":{"start":{"line":32,"column":11},"end":{"line":50,"column":3}},"line":32},"5":{"name":"(anonymous_5)","decl":{"start":{"line":53,"column":31},"end":{"line":53,"column":32}},"loc":{"start":{"line":53,"column":43},"end":{"line":57,"column":1}},"line":53}},"branchMap":{"0":{"loc":{"start":{"line":11,"column":4},"end":{"line":29,"column":5}},"type":"switch","locations":[{"start":{"line":12,"column":6},"end":{"line":12,"column":34}},{"start":{"line":13,"column":6},"end":{"line":16,"column":11}},{"start":{"line":17,"column":6},"end":{"line":17,"column":27}},{"start":{"line":18,"column":6},"end":{"line":21,"column":11}},{"start":{"line":22,"column":6},"end":{"line":22,"column":28}},{"start":{"line":23,"column":6},"end":{"line":26,"column":11}},{"start":{"line":27,"column":6},"end":{"line":28,"column":15}}],"line":11},"1":{"loc":{"start":{"line":34,"column":26},"end":{"line":34,"column":56}},"type":"cond-expr","locations":[{"start":{"line":34,"column":39},"end":{"line":34,"column":51}},{"start":{"line":34,"column":54},"end":{"line":34,"column":56}}],"line":34}},"s":{"0":2,"1":2,"2":0,"3":0,"4":0,"5":0,"6":0,"7":0,"8":2,"9":2,"10":2,"11":2,"12":2,"13":2,"14":1,"15":2},"f":{"0":2,"1":0,"2":0,"3":0,"4":2,"5":1},"b":{"0":[0,0,0,0,0,0,2],"1":[0,2]},"_coverageSchema":"332fd63041d2c1bcb487cc26dd0d5f7d97098a6c","hash":"7d4f9942b9daedf39cf569652920dfb982a00bd3"}
,"/Users/whitneyburton/Documents/turing/mod3/news-album/src/containers/Popup/Popup.js": {"path":"/Users/whitneyburton/Documents/turing/mod3/news-album/src/containers/Popup/Popup.js","statementMap":{"0":{"start":{"line":13,"column":4},"end":{"line":13,"column":12}},"1":{"start":{"line":14,"column":4},"end":{"line":16,"column":5}},"2":{"start":{"line":20,"column":4},"end":{"line":20,"column":54}},"3":{"start":{"line":21,"column":18},"end":{"line":21,"column":49}},"4":{"start":{"line":22,"column":26},"end":{"line":22,"column":77}},"5":{"start":{"line":24,"column":4},"end":{"line":30,"column":5}},"6":{"start":{"line":25,"column":6},"end":{"line":25,"column":32}},"7":{"start":{"line":26,"column":6},"end":{"line":26,"column":70}},"8":{"start":{"line":27,"column":11},"end":{"line":30,"column":5}},"9":{"start":{"line":28,"column":33},"end":{"line":28,"column":77}},"10":{"start":{"line":28,"column":62},"end":{"line":28,"column":76}},"11":{"start":{"line":29,"column":6},"end":{"line":29,"column":75}},"12":{"start":{"line":34,"column":4},"end":{"line":38,"column":5}},"13":{"start":{"line":35,"column":6},"end":{"line":35,"column":22}},"14":{"start":{"line":37,"column":6},"end":{"line":37,"column":19}},"15":{"start":{"line":42,"column":47},"end":{"line":42,"column":57}},"16":{"start":{"line":43,"column":24},"end":{"line":43,"column":47}},"17":{"start":{"line":44,"column":26},"end":{"line":44,"column":79}},"18":{"start":{"line":45,"column":19},"end":{"line":45,"column":38}},"19":{"start":{"line":47,"column":4},"end":{"line":78,"column":5}},"20":{"start":{"line":71,"column":28},"end":{"line":71,"column":59}},"21":{"start":{"line":82,"column":34},"end":{"line":84,"column":2}},"22":{"start":{"line":82,"column":49},"end":{"line":84,"column":1}},"23":{"start":{"line":83,"column":29},"end":{"line":83,"column":60}},"24":{"start":{"line":88,"column":0},"end":{"line":92,"column":1}}},"fnMap":{"0":{"name":"(anonymous_0)","decl":{"start":{"line":12,"column":2},"end":{"line":12,"column":3}},"loc":{"start":{"line":12,"column":16},"end":{"line":17,"column":3}},"line":12},"1":{"name":"(anonymous_1)","decl":{"start":{"line":19,"column":16},"end":{"line":19,"column":17}},"loc":{"start":{"line":19,"column":22},"end":{"line":31,"column":3}},"line":19},"2":{"name":"(anonymous_2)","decl":{"start":{"line":28,"column":54},"end":{"line":28,"column":55}},"loc":{"start":{"line":28,"column":62},"end":{"line":28,"column":76}},"line":28},"3":{"name":"(anonymous_3)","decl":{"start":{"line":33,"column":17},"end":{"line":33,"column":18}},"loc":{"start":{"line":33,"column":23},"end":{"line":39,"column":3}},"line":33},"4":{"name":"(anonymous_4)","decl":{"start":{"line":41,"column":2},"end":{"line":41,"column":3}},"loc":{"start":{"line":41,"column":11},"end":{"line":79,"column":3}},"line":41},"5":{"name":"(anonymous_5)","decl":{"start":{"line":71,"column":22},"end":{"line":71,"column":23}},"loc":{"start":{"line":71,"column":28},"end":{"line":71,"column":59}},"line":71},"6":{"name":"(anonymous_6)","decl":{"start":{"line":82,"column":34},"end":{"line":82,"column":35}},"loc":{"start":{"line":82,"column":49},"end":{"line":84,"column":1}},"line":82},"7":{"name":"(anonymous_7)","decl":{"start":{"line":83,"column":16},"end":{"line":83,"column":17}},"loc":{"start":{"line":83,"column":29},"end":{"line":83,"column":60}},"line":83}},"branchMap":{"0":{"loc":{"start":{"line":22,"column":26},"end":{"line":22,"column":77}},"type":"binary-expr","locations":[{"start":{"line":22,"column":26},"end":{"line":22,"column":71}},{"start":{"line":22,"column":75},"end":{"line":22,"column":77}}],"line":22},"1":{"loc":{"start":{"line":24,"column":4},"end":{"line":30,"column":5}},"type":"if","locations":[{"start":{"line":24,"column":4},"end":{"line":30,"column":5}},{"start":{"line":24,"column":4},"end":{"line":30,"column":5}}],"line":24},"2":{"loc":{"start":{"line":27,"column":11},"end":{"line":30,"column":5}},"type":"if","locations":[{"start":{"line":27,"column":11},"end":{"line":30,"column":5}},{"start":{"line":27,"column":11},"end":{"line":30,"column":5}}],"line":27},"3":{"loc":{"start":{"line":34,"column":4},"end":{"line":38,"column":5}},"type":"if","locations":[{"start":{"line":34,"column":4},"end":{"line":38,"column":5}},{"start":{"line":34,"column":4},"end":{"line":38,"column":5}}],"line":34},"4":{"loc":{"start":{"line":53,"column":10},"end":{"line":55,"column":101}},"type":"cond-expr","locations":[{"start":{"line":54,"column":12},"end":{"line":54,"column":104}},{"start":{"line":55,"column":12},"end":{"line":55,"column":101}}],"line":53}},"s":{"0":5,"1":5,"2":0,"3":0,"4":0,"5":0,"6":0,"7":0,"8":0,"9":0,"10":0,"11":0,"12":9,"13":3,"14":6,"15":7,"16":7,"17":7,"18":7,"19":7,"20":1,"21":2,"22":0,"23":0,"24":2},"f":{"0":5,"1":0,"2":0,"3":9,"4":7,"5":1,"6":0,"7":0},"b":{"0":[0,0],"1":[0,0],"2":[0,0],"3":[3,6],"4":[0,7]},"_coverageSchema":"332fd63041d2c1bcb487cc26dd0d5f7d97098a6c","hash":"255b0913aa6ac9c8f4322af1fc53b17598c38502"}
,"/Users/whitneyburton/Documents/turing/mod3/news-album/src/reducers/cryptoCoinsReducer.js": {"path":"/Users/whitneyburton/Documents/turing/mod3/news-album/src/reducers/cryptoCoinsReducer.js","statementMap":{"0":{"start":{"line":1,"column":34},"end":{"line":15,"column":1}},"1":{"start":{"line":2,"column":2},"end":{"line":14,"column":3}},"2":{"start":{"line":4,"column":6},"end":{"line":4,"column":29}},"3":{"start":{"line":6,"column":6},"end":{"line":11,"column":9}},"4":{"start":{"line":7,"column":8},"end":{"line":9,"column":9}},"5":{"start":{"line":8,"column":10},"end":{"line":8,"column":50}},"6":{"start":{"line":10,"column":8},"end":{"line":10,"column":23}},"7":{"start":{"line":13,"column":6},"end":{"line":13,"column":19}}},"fnMap":{"0":{"name":"(anonymous_0)","decl":{"start":{"line":1,"column":34},"end":{"line":1,"column":35}},"loc":{"start":{"line":1,"column":58},"end":{"line":15,"column":1}},"line":1},"1":{"name":"(anonymous_1)","decl":{"start":{"line":6,"column":23},"end":{"line":6,"column":24}},"loc":{"start":{"line":6,"column":34},"end":{"line":11,"column":7}},"line":6}},"branchMap":{"0":{"loc":{"start":{"line":1,"column":35},"end":{"line":1,"column":45}},"type":"default-arg","locations":[{"start":{"line":1,"column":43},"end":{"line":1,"column":45}}],"line":1},"1":{"loc":{"start":{"line":2,"column":2},"end":{"line":14,"column":3}},"type":"switch","locations":[{"start":{"line":3,"column":4},"end":{"line":4,"column":29}},{"start":{"line":5,"column":4},"end":{"line":11,"column":9}},{"start":{"line":12,"column":4},"end":{"line":13,"column":19}}],"line":2},"2":{"loc":{"start":{"line":7,"column":8},"end":{"line":9,"column":9}},"type":"if","locations":[{"start":{"line":7,"column":8},"end":{"line":9,"column":9}},{"start":{"line":7,"column":8},"end":{"line":9,"column":9}}],"line":7}},"s":{"0":2,"1":5,"2":1,"3":0,"4":0,"5":0,"6":0,"7":4},"f":{"0":5,"1":0},"b":{"0":[5],"1":[1,0,4],"2":[0,0]},"_coverageSchema":"332fd63041d2c1bcb487cc26dd0d5f7d97098a6c","hash":"bc9b2a4281b49181e5d23d3511e38922b388e255"}
,"/Users/whitneyburton/Documents/turing/mod3/news-album/src/reducers/errorReducer.js": {"path":"/Users/whitneyburton/Documents/turing/mod3/news-album/src/reducers/errorReducer.js","statementMap":{"0":{"start":{"line":1,"column":28},"end":{"line":8,"column":1}},"1":{"start":{"line":2,"column":2},"end":{"line":7,"column":3}},"2":{"start":{"line":4,"column":6},"end":{"line":4,"column":28}},"3":{"start":{"line":6,"column":6},"end":{"line":6,"column":19}}},"fnMap":{"0":{"name":"(anonymous_0)","decl":{"start":{"line":1,"column":28},"end":{"line":1,"column":29}},"loc":{"start":{"line":1,"column":52},"end":{"line":8,"column":1}},"line":1}},"branchMap":{"0":{"loc":{"start":{"line":1,"column":29},"end":{"line":1,"column":39}},"type":"default-arg","locations":[{"start":{"line":1,"column":37},"end":{"line":1,"column":39}}],"line":1},"1":{"loc":{"start":{"line":2,"column":2},"end":{"line":7,"column":3}},"type":"switch","locations":[{"start":{"line":3,"column":4},"end":{"line":4,"column":28}},{"start":{"line":5,"column":4},"end":{"line":6,"column":19}}],"line":2}},"s":{"0":2,"1":5,"2":1,"3":4},"f":{"0":5},"b":{"0":[5],"1":[1,4]},"_coverageSchema":"332fd63041d2c1bcb487cc26dd0d5f7d97098a6c","hash":"899269d828a9d4a10c582b5ec631f1745b083ff6"}
,"/Users/whitneyburton/Documents/turing/mod3/news-album/src/reducers/isLoadingReducer.js": {"path":"/Users/whitneyburton/Documents/turing/mod3/news-album/src/reducers/isLoadingReducer.js","statementMap":{"0":{"start":{"line":1,"column":32},"end":{"line":8,"column":1}},"1":{"start":{"line":2,"column":2},"end":{"line":7,"column":3}},"2":{"start":{"line":4,"column":6},"end":{"line":4,"column":25}},"3":{"start":{"line":6,"column":6},"end":{"line":6,"column":19}}},"fnMap":{"0":{"name":"(anonymous_0)","decl":{"start":{"line":1,"column":32},"end":{"line":1,"column":33}},"loc":{"start":{"line":1,"column":59},"end":{"line":8,"column":1}},"line":1}},"branchMap":{"0":{"loc":{"start":{"line":1,"column":33},"end":{"line":1,"column":46}},"type":"default-arg","locations":[{"start":{"line":1,"column":41},"end":{"line":1,"column":46}}],"line":1},"1":{"loc":{"start":{"line":2,"column":2},"end":{"line":7,"column":3}},"type":"switch","locations":[{"start":{"line":3,"column":4},"end":{"line":4,"column":25}},{"start":{"line":5,"column":4},"end":{"line":6,"column":19}}],"line":2}},"s":{"0":2,"1":5,"2":1,"3":4},"f":{"0":5},"b":{"0":[5],"1":[1,4]},"_coverageSchema":"332fd63041d2c1bcb487cc26dd0d5f7d97098a6c","hash":"d9c9b776949d2562b74c6b6c30f307b0242c9bde"}
,"/Users/whitneyburton/Documents/turing/mod3/news-album/src/reducers/natGeoReducer.js": {"path":"/Users/whitneyburton/Documents/turing/mod3/news-album/src/reducers/natGeoReducer.js","statementMap":{"0":{"start":{"line":1,"column":29},"end":{"line":15,"column":1}},"1":{"start":{"line":2,"column":2},"end":{"line":14,"column":3}},"2":{"start":{"line":4,"column":6},"end":{"line":4,"column":29}},"3":{"start":{"line":6,"column":6},"end":{"line":11,"column":9}},"4":{"start":{"line":7,"column":8},"end":{"line":9,"column":9}},"5":{"start":{"line":8,"column":10},"end":{"line":8,"column":50}},"6":{"start":{"line":10,"column":8},"end":{"line":10,"column":23}},"7":{"start":{"line":13,"column":6},"end":{"line":13,"column":19}}},"fnMap":{"0":{"name":"(anonymous_0)","decl":{"start":{"line":1,"column":29},"end":{"line":1,"column":30}},"loc":{"start":{"line":1,"column":53},"end":{"line":15,"column":1}},"line":1},"1":{"name":"(anonymous_1)","decl":{"start":{"line":6,"column":23},"end":{"line":6,"column":24}},"loc":{"start":{"line":6,"column":34},"end":{"line":11,"column":7}},"line":6}},"branchMap":{"0":{"loc":{"start":{"line":1,"column":30},"end":{"line":1,"column":40}},"type":"default-arg","locations":[{"start":{"line":1,"column":38},"end":{"line":1,"column":40}}],"line":1},"1":{"loc":{"start":{"line":2,"column":2},"end":{"line":14,"column":3}},"type":"switch","locations":[{"start":{"line":3,"column":4},"end":{"line":4,"column":29}},{"start":{"line":5,"column":4},"end":{"line":11,"column":9}},{"start":{"line":12,"column":4},"end":{"line":13,"column":19}}],"line":2},"2":{"loc":{"start":{"line":7,"column":8},"end":{"line":9,"column":9}},"type":"if","locations":[{"start":{"line":7,"column":8},"end":{"line":9,"column":9}},{"start":{"line":7,"column":8},"end":{"line":9,"column":9}}],"line":7}},"s":{"0":2,"1":5,"2":1,"3":0,"4":0,"5":0,"6":0,"7":4},"f":{"0":5,"1":0},"b":{"0":[5],"1":[1,0,4],"2":[0,0]},"_coverageSchema":"332fd63041d2c1bcb487cc26dd0d5f7d97098a6c","hash":"9244a305140be1715db9f1a1615aeb7f50bd412e"}
,"/Users/whitneyburton/Documents/turing/mod3/news-album/src/reducers/newScientistReducer.js": {"path":"/Users/whitneyburton/Documents/turing/mod3/news-album/src/reducers/newScientistReducer.js","statementMap":{"0":{"start":{"line":1,"column":35},"end":{"line":15,"column":1}},"1":{"start":{"line":2,"column":2},"end":{"line":14,"column":3}},"2":{"start":{"line":4,"column":6},"end":{"line":4,"column":29}},"3":{"start":{"line":6,"column":6},"end":{"line":11,"column":9}},"4":{"start":{"line":7,"column":8},"end":{"line":9,"column":9}},"5":{"start":{"line":8,"column":10},"end":{"line":8,"column":50}},"6":{"start":{"line":10,"column":8},"end":{"line":10,"column":23}},"7":{"start":{"line":13,"column":6},"end":{"line":13,"column":19}}},"fnMap":{"0":{"name":"(anonymous_0)","decl":{"start":{"line":1,"column":35},"end":{"line":1,"column":36}},"loc":{"start":{"line":1,"column":59},"end":{"line":15,"column":1}},"line":1},"1":{"name":"(anonymous_1)","decl":{"start":{"line":6,"column":23},"end":{"line":6,"column":24}},"loc":{"start":{"line":6,"column":34},"end":{"line":11,"column":7}},"line":6}},"branchMap":{"0":{"loc":{"start":{"line":1,"column":36},"end":{"line":1,"column":46}},"type":"default-arg","locations":[{"start":{"line":1,"column":44},"end":{"line":1,"column":46}}],"line":1},"1":{"loc":{"start":{"line":2,"column":2},"end":{"line":14,"column":3}},"type":"switch","locations":[{"start":{"line":3,"column":4},"end":{"line":4,"column":29}},{"start":{"line":5,"column":4},"end":{"line":11,"column":9}},{"start":{"line":12,"column":4},"end":{"line":13,"column":19}}],"line":2},"2":{"loc":{"start":{"line":7,"column":8},"end":{"line":9,"column":9}},"type":"if","locations":[{"start":{"line":7,"column":8},"end":{"line":9,"column":9}},{"start":{"line":7,"column":8},"end":{"line":9,"column":9}}],"line":7}},"s":{"0":2,"1":5,"2":1,"3":0,"4":0,"5":0,"6":0,"7":4},"f":{"0":5,"1":0},"b":{"0":[5],"1":[1,0,4],"2":[0,0]},"_coverageSchema":"332fd63041d2c1bcb487cc26dd0d5f7d97098a6c","hash":"9879d98e0405636e07333f8a685d9eff1d2cd1a2"}
,"/Users/whitneyburton/Documents/turing/mod3/news-album/src/thunks/fetchCryptoCoins.js": {"path":"/Users/whitneyburton/Documents/turing/mod3/news-album/src/thunks/fetchCryptoCoins.js","statementMap":{"0":{"start":{"line":6,"column":32},"end":{"line":23,"column":1}},"1":{"start":{"line":7,"column":2},"end":{"line":22,"column":3}},"2":{"start":{"line":8,"column":4},"end":{"line":21,"column":5}},"3":{"start":{"line":9,"column":6},"end":{"line":9,"column":36}},"4":{"start":{"line":10,"column":23},"end":{"line":10,"column":121}},"5":{"start":{"line":11,"column":21},"end":{"line":11,"column":42}},"6":{"start":{"line":12,"column":23},"end":{"line":16,"column":8}},"7":{"start":{"line":13,"column":8},"end":{"line":13,"column":40}},"8":{"start":{"line":14,"column":8},"end":{"line":14,"column":35}},"9":{"start":{"line":15,"column":8},"end":{"line":15,"column":23}},"10":{"start":{"line":17,"column":6},"end":{"line":17,"column":41}},"11":{"start":{"line":18,"column":6},"end":{"line":18,"column":37}},"12":{"start":{"line":20,"column":6},"end":{"line":20,"column":40}}},"fnMap":{"0":{"name":"(anonymous_0)","decl":{"start":{"line":6,"column":32},"end":{"line":6,"column":33}},"loc":{"start":{"line":6,"column":38},"end":{"line":23,"column":1}},"line":6},"1":{"name":"(anonymous_1)","decl":{"start":{"line":7,"column":9},"end":{"line":7,"column":10}},"loc":{"start":{"line":7,"column":29},"end":{"line":22,"column":3}},"line":7},"2":{"name":"(anonymous_2)","decl":{"start":{"line":12,"column":43},"end":{"line":12,"column":44}},"loc":{"start":{"line":12,"column":54},"end":{"line":16,"column":7}},"line":12}},"branchMap":{},"s":{"0":2,"1":1,"2":5,"3":5,"4":5,"5":4,"6":4,"7":8,"8":8,"9":8,"10":4,"11":4,"12":1},"f":{"0":1,"1":5,"2":8},"b":{},"_coverageSchema":"332fd63041d2c1bcb487cc26dd0d5f7d97098a6c","hash":"2c84aae61c7078b2975c973c9da771a6810848b1"}
,"/Users/whitneyburton/Documents/turing/mod3/news-album/src/thunks/fetchNatGeo.js": {"path":"/Users/whitneyburton/Documents/turing/mod3/news-album/src/thunks/fetchNatGeo.js","statementMap":{"0":{"start":{"line":6,"column":27},"end":{"line":23,"column":1}},"1":{"start":{"line":7,"column":2},"end":{"line":22,"column":3}},"2":{"start":{"line":8,"column":4},"end":{"line":21,"column":5}},"3":{"start":{"line":9,"column":6},"end":{"line":9,"column":36}},"4":{"start":{"line":10,"column":23},"end":{"line":10,"column":123}},"5":{"start":{"line":11,"column":21},"end":{"line":11,"column":42}},"6":{"start":{"line":12,"column":23},"end":{"line":16,"column":8}},"7":{"start":{"line":13,"column":8},"end":{"line":13,"column":40}},"8":{"start":{"line":14,"column":8},"end":{"line":14,"column":35}},"9":{"start":{"line":15,"column":8},"end":{"line":15,"column":23}},"10":{"start":{"line":17,"column":6},"end":{"line":17,"column":36}},"11":{"start":{"line":18,"column":6},"end":{"line":18,"column":37}},"12":{"start":{"line":20,"column":6},"end":{"line":20,"column":40}}},"fnMap":{"0":{"name":"(anonymous_0)","decl":{"start":{"line":6,"column":27},"end":{"line":6,"column":28}},"loc":{"start":{"line":6,"column":33},"end":{"line":23,"column":1}},"line":6},"1":{"name":"(anonymous_1)","decl":{"start":{"line":7,"column":9},"end":{"line":7,"column":10}},"loc":{"start":{"line":7,"column":29},"end":{"line":22,"column":3}},"line":7},"2":{"name":"(anonymous_2)","decl":{"start":{"line":12,"column":43},"end":{"line":12,"column":44}},"loc":{"start":{"line":12,"column":54},"end":{"line":16,"column":7}},"line":12}},"branchMap":{},"s":{"0":2,"1":1,"2":5,"3":5,"4":5,"5":4,"6":4,"7":8,"8":8,"9":8,"10":4,"11":4,"12":1},"f":{"0":1,"1":5,"2":8},"b":{},"_coverageSchema":"332fd63041d2c1bcb487cc26dd0d5f7d97098a6c","hash":"d29100f1996210a52e814bf949d63a1a3318dccf"}
,"/Users/whitneyburton/Documents/turing/mod3/news-album/src/thunks/fetchNewScientist.js": {"path":"/Users/whitneyburton/Documents/turing/mod3/news-album/src/thunks/fetchNewScientist.js","statementMap":{"0":{"start":{"line":6,"column":33},"end":{"line":23,"column":1}},"1":{"start":{"line":7,"column":2},"end":{"line":22,"column":3}},"2":{"start":{"line":8,"column":4},"end":{"line":21,"column":5}},"3":{"start":{"line":9,"column":6},"end":{"line":9,"column":36}},"4":{"start":{"line":10,"column":23},"end":{"line":10,"column":117}},"5":{"start":{"line":11,"column":21},"end":{"line":11,"column":42}},"6":{"start":{"line":12,"column":23},"end":{"line":16,"column":8}},"7":{"start":{"line":13,"column":8},"end":{"line":13,"column":40}},"8":{"start":{"line":14,"column":8},"end":{"line":14,"column":35}},"9":{"start":{"line":15,"column":8},"end":{"line":15,"column":23}},"10":{"start":{"line":17,"column":6},"end":{"line":17,"column":42}},"11":{"start":{"line":18,"column":6},"end":{"line":18,"column":37}},"12":{"start":{"line":20,"column":6},"end":{"line":20,"column":40}}},"fnMap":{"0":{"name":"(anonymous_0)","decl":{"start":{"line":6,"column":33},"end":{"line":6,"column":34}},"loc":{"start":{"line":6,"column":39},"end":{"line":23,"column":1}},"line":6},"1":{"name":"(anonymous_1)","decl":{"start":{"line":7,"column":9},"end":{"line":7,"column":10}},"loc":{"start":{"line":7,"column":29},"end":{"line":22,"column":3}},"line":7},"2":{"name":"(anonymous_2)","decl":{"start":{"line":12,"column":43},"end":{"line":12,"column":44}},"loc":{"start":{"line":12,"column":54},"end":{"line":16,"column":7}},"line":12}},"branchMap":{},"s":{"0":2,"1":1,"2":5,"3":5,"4":5,"5":4,"6":4,"7":8,"8":8,"9":8,"10":4,"11":4,"12":1},"f":{"0":1,"1":5,"2":8},"b":{},"_coverageSchema":"332fd63041d2c1bcb487cc26dd0d5f7d97098a6c","hash":"36515c4827f803ec0c19443d138d91714f799d74"}
,"/Users/whitneyburton/Documents/turing/mod3/news-album/src/utils/api-key.js": {"path":"/Users/whitneyburton/Documents/turing/mod3/news-album/src/utils/api-key.js","statementMap":{"0":{"start":{"line":1,"column":22},"end":{"line":1,"column":56}}},"fnMap":{},"branchMap":{},"s":{"0":6},"f":{},"b":{},"_coverageSchema":"332fd63041d2c1bcb487cc26dd0d5f7d97098a6c","hash":"c8739939bb723d176594bba7f448f324d2c30a97"}
,"/Users/whitneyburton/Documents/turing/mod3/news-album/src/utils/api.js": {"path":"/Users/whitneyburton/Documents/turing/mod3/news-album/src/utils/api.js","statementMap":{"0":{"start":{"line":1,"column":25},"end":{"line":8,"column":1}},"1":{"start":{"line":2,"column":19},"end":{"line":2,"column":35}},"2":{"start":{"line":3,"column":2},"end":{"line":6,"column":3}},"3":{"start":{"line":4,"column":18},"end":{"line":4,"column":39}},"4":{"start":{"line":5,"column":4},"end":{"line":5,"column":35}},"5":{"start":{"line":7,"column":2},"end":{"line":7,"column":24}}},"fnMap":{"0":{"name":"(anonymous_0)","decl":{"start":{"line":1,"column":25},"end":{"line":1,"column":26}},"loc":{"start":{"line":1,"column":40},"end":{"line":8,"column":1}},"line":1}},"branchMap":{"0":{"loc":{"start":{"line":3,"column":2},"end":{"line":6,"column":3}},"type":"if","locations":[{"start":{"line":3,"column":2},"end":{"line":6,"column":3}},{"start":{"line":3,"column":2},"end":{"line":6,"column":3}}],"line":3}},"s":{"0":7,"1":3,"2":3,"3":1,"4":1,"5":2},"f":{"0":3},"b":{"0":[1,2]},"_coverageSchema":"332fd63041d2c1bcb487cc26dd0d5f7d97098a6c","hash":"383106885c28073a929e70a71d4f4fc89c60b0c8"}
}
