TN:
SF:/Users/whitneyburton/Documents/turing/mod3/news-album/src/index.js
FNF:0
FNH:0
DA:1,0
DA:2,0
DA:3,0
DA:4,0
DA:5,0
DA:6,0
DA:7,0
DA:8,0
DA:9,0
DA:10,0
DA:12,0
DA:13,0
DA:15,0
DA:22,0
LF:14
LH:0
BRF:0
BRH:0
end_of_record
TN:
SF:/Users/whitneyburton/Documents/turing/mod3/news-album/src/serviceWorker.js
FN:23,register
FN:34,(anonymous_1)
FN:43,(anonymous_2)
FN:57,registerValidSW
FN:60,(anonymous_4)
FN:61,(anonymous_5)
FN:66,(anonymous_6)
FN:96,(anonymous_7)
FN:101,checkValidServiceWorker
FN:104,(anonymous_9)
FN:112,(anonymous_10)
FN:113,(anonymous_11)
FN:122,(anonymous_12)
FN:129,unregister
FN:131,(anonymous_14)
FNF:15
FNH:0
FNDA:0,register
FNDA:0,(anonymous_1)
FNDA:0,(anonymous_2)
FNDA:0,registerValidSW
FNDA:0,(anonymous_4)
FNDA:0,(anonymous_5)
FNDA:0,(anonymous_6)
FNDA:0,(anonymous_7)
FNDA:0,checkValidServiceWorker
FNDA:0,(anonymous_9)
FNDA:0,(anonymous_10)
FNDA:0,(anonymous_11)
FNDA:0,(anonymous_12)
FNDA:0,unregister
FNDA:0,(anonymous_14)
DA:13,0
DA:24,0
DA:26,0
DA:27,0
DA:31,0
DA:34,0
DA:35,0
DA:37,0
DA:39,0
DA:43,0
DA:44,0
DA:51,0
DA:58,0
DA:61,0
DA:62,0
DA:63,0
DA:64,0
DA:66,0
DA:67,0
DA:68,0
DA:72,0
DA:78,0
DA:79,0
DA:85,0
DA:88,0
DA:89,0
DA:97,0
DA:103,0
DA:106,0
DA:107,0
DA:112,0
DA:113,0
DA:114,0
DA:119,0
DA:123,0
DA:130,0
DA:131,0
DA:132,0
LF:38
LH:0
BRDA:14,0,0,0
BRDA:14,0,1,0
BRDA:14,0,2,0
BRDA:24,1,0,0
BRDA:24,1,1,0
BRDA:24,2,0,0
BRDA:24,2,1,0
BRDA:27,3,0,0
BRDA:27,3,1,0
BRDA:37,4,0,0
BRDA:37,4,1,0
BRDA:63,5,0,0
BRDA:63,5,1,0
BRDA:67,6,0,0
BRDA:67,6,1,0
BRDA:68,7,0,0
BRDA:68,7,1,0
BRDA:78,8,0,0
BRDA:78,8,1,0
BRDA:78,9,0,0
BRDA:78,9,1,0
BRDA:88,10,0,0
BRDA:88,10,1,0
BRDA:88,11,0,0
BRDA:88,11,1,0
BRDA:107,12,0,0
BRDA:107,12,1,0
BRDA:108,13,0,0
BRDA:108,13,1,0
BRDA:108,13,2,0
BRDA:130,14,0,0
BRDA:130,14,1,0
BRF:32
BRH:0
end_of_record
TN:
SF:/Users/whitneyburton/Documents/turing/mod3/news-album/src/setupTests.js
FNF:0
FNH:0
DA:4,7
LF:1
LH:1
BRF:0
BRH:0
end_of_record
TN:
SF:/Users/whitneyburton/Documents/turing/mod3/news-album/src/actions/index.js
FN:1,(anonymous_0)
FN:6,(anonymous_1)
FN:11,(anonymous_2)
FN:16,(anonymous_3)
FN:21,(anonymous_4)
FNF:5
FNH:5
FNDA:1,(anonymous_0)
FNDA:1,(anonymous_1)
FNDA:1,(anonymous_2)
FNDA:1,(anonymous_3)
FNDA:1,(anonymous_4)
DA:1,4
DA:6,4
DA:11,4
DA:16,4
DA:21,4
LF:5
LH:5
BRF:0
BRH:0
end_of_record
TN:
SF:/Users/whitneyburton/Documents/turing/mod3/news-album/src/components/Error404/Error404.js
FN:3,(anonymous_0)
FNF:1
FNH:1
FNDA:1,(anonymous_0)
DA:3,2
DA:4,1
LF:2
LH:2
BRF:0
BRH:0
end_of_record
TN:
SF:/Users/whitneyburton/Documents/turing/mod3/news-album/src/components/Home/Home.js
FN:3,(anonymous_0)
FNF:1
FNH:1
FNDA:2,(anonymous_0)
DA:3,2
DA:4,2
LF:2
LH:2
BRF:0
BRH:0
end_of_record
TN:
SF:/Users/whitneyburton/Documents/turing/mod3/news-album/src/components/Loader/Loader.js
FN:3,(anonymous_0)
FNF:1
FNH:1
FNDA:1,(anonymous_0)
DA:3,2
DA:4,1
LF:2
LH:2
BRF:0
BRH:0
end_of_record
TN:
SF:/Users/whitneyburton/Documents/turing/mod3/news-album/src/components/Nav/Nav.js
FN:4,(anonymous_0)
FNF:1
FNH:1
FNDA:2,(anonymous_0)
DA:4,2
DA:5,2
LF:2
LH:2
BRF:0
BRH:0
end_of_record
TN:
SF:/Users/whitneyburton/Documents/turing/mod3/news-album/src/containers/App/App.js
FN:16,(anonymous_0)
FN:22,(anonymous_1)
FN:27,(anonymous_2)
FN:29,(anonymous_3)
FN:31,(anonymous_4)
FN:39,(anonymous_5)
FN:65,(anonymous_6)
FN:68,(anonymous_7)
FN:71,(anonymous_8)
FN:83,(anonymous_9)
FN:90,(anonymous_10)
FN:91,(anonymous_11)
FN:92,(anonymous_12)
FN:93,(anonymous_13)
FNF:14
FNH:7
FNDA:6,(anonymous_0)
FNDA:0,(anonymous_1)
FNDA:0,(anonymous_2)
FNDA:0,(anonymous_3)
FNDA:0,(anonymous_4)
FNDA:5,(anonymous_5)
FNDA:0,(anonymous_6)
FNDA:0,(anonymous_7)
FNDA:0,(anonymous_8)
FNDA:1,(anonymous_9)
FNDA:3,(anonymous_10)
FNDA:1,(anonymous_11)
FNDA:1,(anonymous_12)
FNDA:1,(anonymous_13)
DA:17,6
DA:18,6
DA:19,6
DA:23,0
DA:24,0
DA:26,0
DA:27,0
DA:28,0
DA:29,0
DA:30,0
DA:31,0
DA:33,0
DA:40,5
DA:41,5
DA:65,0
DA:68,0
DA:71,0
DA:83,1
DA:90,3
DA:91,1
DA:92,1
DA:93,1
DA:98,1
LF:23
LH:11
BRDA:26,0,0,0
BRDA:26,0,1,0
BRDA:28,1,0,0
BRDA:28,1,1,0
BRDA:30,2,0,0
BRDA:30,2,1,0
BRDA:33,3,0,0
BRDA:33,3,1,0
BRDA:52,4,0,5
BRDA:52,4,1,0
BRF:10
BRH:1
end_of_record
TN:
SF:/Users/whitneyburton/Documents/turing/mod3/news-album/src/containers/Article/Article.js
FN:7,(anonymous_0)
FN:18,(anonymous_1)
FNF:2
FNH:2
FNDA:9,(anonymous_0)
FNDA:6,(anonymous_1)
DA:8,9
DA:9,9
DA:10,5
DA:11,4
DA:12,2
DA:13,2
DA:14,2
DA:19,6
DA:20,6
DA:21,6
DA:30,2
LF:11
LH:11
BRDA:9,0,0,5
BRDA:9,0,1,4
BRDA:11,1,0,2
BRDA:11,1,1,2
BRDA:13,2,0,2
BRDA:13,2,1,0
BRF:6
BRH:5
end_of_record
TN:
SF:/Users/whitneyburton/Documents/turing/mod3/news-album/src/containers/ArticleContainer/ArticleContainer.js
FN:9,(anonymous_0)
FN:14,(anonymous_1)
FN:19,(anonymous_2)
FN:24,(anonymous_3)
FN:32,(anonymous_4)
FN:50,(anonymous_5)
FNF:6
FNH:0
FNDA:0,(anonymous_0)
FNDA:0,(anonymous_1)
FNDA:0,(anonymous_2)
FNDA:0,(anonymous_3)
FNDA:0,(anonymous_4)
FNDA:0,(anonymous_5)
DA:10,0
DA:11,0
DA:14,0
DA:15,0
DA:19,0
DA:20,0
DA:24,0
DA:25,0
DA:28,0
DA:33,0
DA:39,0
DA:50,1
DA:58,1
LF:13
LH:2
BRDA:11,0,0,0
BRDA:11,0,1,0
BRDA:11,0,2,0
BRDA:11,0,3,0
BRDA:11,0,4,0
BRDA:11,0,5,0
BRDA:11,0,6,0
BRF:7
BRH:0
end_of_record
TN:
SF:/Users/whitneyburton/Documents/turing/mod3/news-album/src/containers/Popup/Popup.js
FN:6,(anonymous_0)
FNF:1
FNH:0
FNDA:0,(anonymous_0)
DA:7,0
DA:8,0
DA:10,0
DA:25,1
LF:4
LH:1
BRF:0
BRH:0
end_of_record
TN:
SF:/Users/whitneyburton/Documents/turing/mod3/news-album/src/mockData/index.js
FNF:0
FNH:0
DA:1,3
DA:7,3
DA:13,3
DA:19,3
DA:40,3
DA:61,3
LF:6
LH:6
BRF:0
BRH:0
end_of_record
TN:
SF:/Users/whitneyburton/Documents/turing/mod3/news-album/src/reducers/cryptoCoinsReducer.js
FN:3,(anonymous_0)
FN:6,(anonymous_1)
FNF:2
FNH:1
FNDA:3,(anonymous_0)
FNDA:0,(anonymous_1)
DA:3,1
DA:4,3
DA:6,0
DA:7,0
DA:9,0
DA:11,3
LF:6
LH:3
BRDA:3,0,0,3
BRDA:4,1,0,0
BRDA:4,1,1,3
BRF:3
BRH:2
end_of_record
TN:
SF:/Users/whitneyburton/Documents/turing/mod3/news-album/src/reducers/errorReducer.js
FN:1,(anonymous_0)
FNF:1
FNH:1
FNDA:3,(anonymous_0)
DA:1,1
DA:2,3
DA:4,0
DA:6,3
LF:4
LH:3
BRDA:1,0,0,3
BRDA:2,1,0,0
BRDA:2,1,1,3
BRF:3
BRH:2
end_of_record
TN:
SF:/Users/whitneyburton/Documents/turing/mod3/news-album/src/reducers/index.js
FNF:0
FNH:0
DA:8,1
LF:1
LH:1
BRF:0
BRH:0
end_of_record
TN:
SF:/Users/whitneyburton/Documents/turing/mod3/news-album/src/reducers/isLoadingReducer.js
FN:1,(anonymous_0)
FNF:1
FNH:1
FNDA:3,(anonymous_0)
DA:1,1
DA:2,3
DA:4,0
DA:6,3
LF:4
LH:3
BRDA:1,0,0,3
BRDA:2,1,0,0
BRDA:2,1,1,3
BRF:3
BRH:2
end_of_record
TN:
SF:/Users/whitneyburton/Documents/turing/mod3/news-album/src/reducers/natGeoReducer.js
FN:3,(anonymous_0)
FN:6,(anonymous_1)
FNF:2
FNH:1
FNDA:3,(anonymous_0)
FNDA:0,(anonymous_1)
DA:3,1
DA:4,3
DA:6,0
DA:7,0
DA:9,0
DA:11,3
LF:6
LH:3
BRDA:3,0,0,3
BRDA:4,1,0,0
BRDA:4,1,1,3
BRF:3
BRH:2
end_of_record
TN:
SF:/Users/whitneyburton/Documents/turing/mod3/news-album/src/reducers/newScientistReducer.js
FN:3,(anonymous_0)
FN:6,(anonymous_1)
FNF:2
FNH:1
FNDA:3,(anonymous_0)
FNDA:0,(anonymous_1)
DA:3,1
DA:4,3
DA:6,0
DA:7,0
DA:9,0
DA:11,3
LF:6
LH:3
BRDA:3,0,0,3
BRDA:4,1,0,0
BRDA:4,1,1,3
BRF:3
BRH:2
end_of_record
TN:
SF:/Users/whitneyburton/Documents/turing/mod3/news-album/src/thunks/fetchCryptoCoins.js
FN:5,(anonymous_0)
FN:6,(anonymous_1)
FNF:2
FNH:0
FNDA:0,(anonymous_0)
FNDA:0,(anonymous_1)
DA:5,1
DA:6,0
DA:7,0
DA:8,0
DA:9,0
DA:10,0
DA:11,0
DA:12,0
DA:14,0
LF:9
LH:1
BRF:0
BRH:0
end_of_record
TN:
SF:/Users/whitneyburton/Documents/turing/mod3/news-album/src/thunks/fetchNatGeo.js
FN:5,(anonymous_0)
FN:6,(anonymous_1)
FNF:2
FNH:0
FNDA:0,(anonymous_0)
FNDA:0,(anonymous_1)
DA:5,1
DA:6,0
DA:7,0
DA:8,0
DA:9,0
DA:10,0
DA:11,0
DA:12,0
DA:14,0
LF:9
LH:1
BRF:0
BRH:0
end_of_record
TN:
SF:/Users/whitneyburton/Documents/turing/mod3/news-album/src/thunks/fetchNewScientist.js
FN:5,(anonymous_0)
FN:6,(anonymous_1)
FNF:2
FNH:0
FNDA:0,(anonymous_0)
FNDA:0,(anonymous_1)
DA:5,1
DA:6,0
DA:7,0
DA:8,0
DA:9,0
DA:10,0
DA:11,0
DA:12,0
DA:14,0
LF:9
LH:1
BRF:0
BRH:0
end_of_record
TN:
SF:/Users/whitneyburton/Documents/turing/mod3/news-album/src/utils/api-key.js
FNF:0
FNH:0
DA:1,3
LF:1
LH:1
BRF:0
BRH:0
end_of_record
TN:
SF:/Users/whitneyburton/Documents/turing/mod3/news-album/src/utils/api.js
FN:1,(anonymous_0)
FNF:1
FNH:0
FNDA:0,(anonymous_0)
DA:1,3
DA:2,0
DA:3,0
DA:4,0
DA:5,0
DA:7,0
LF:6
LH:1
BRDA:3,0,0,0
BRDA:3,0,1,0
BRF:2
BRH:0
end_of_record
