TN:
SF:/Users/whitneyburton/Documents/turing/mod3/news-album/src/actions/index.js
FN:1,(anonymous_0)
FN:6,(anonymous_1)
FN:11,(anonymous_2)
FN:16,(anonymous_3)
FN:21,(anonymous_4)
FNF:5
FNH:5
FNDA:6,(anonymous_0)
FNDA:6,(anonymous_1)
FNDA:6,(anonymous_2)
FNDA:34,(anonymous_3)
FNDA:7,(anonymous_4)
DA:1,7
DA:6,7
DA:11,7
DA:16,34
DA:21,7
LF:5
LH:5
BRF:0
BRH:0
end_of_record
TN:
SF:/Users/whitneyburton/Documents/turing/mod3/news-album/src/components/Error404/Error404.js
FN:3,(anonymous_0)
FNF:1
FNH:1
FNDA:1,(anonymous_0)
DA:3,2
DA:4,1
LF:2
LH:2
BRF:0
BRH:0
end_of_record
TN:
SF:/Users/whitneyburton/Documents/turing/mod3/news-album/src/components/Home/Home.js
FN:3,(anonymous_0)
FNF:1
FNH:1
FNDA:2,(anonymous_0)
DA:3,2
DA:4,2
LF:2
LH:2
BRF:0
BRH:0
end_of_record
TN:
SF:/Users/whitneyburton/Documents/turing/mod3/news-album/src/components/Loader/Loader.js
FN:3,(anonymous_0)
FNF:1
FNH:1
FNDA:1,(anonymous_0)
DA:3,2
DA:4,1
LF:2
LH:2
BRF:0
BRH:0
end_of_record
TN:
SF:/Users/whitneyburton/Documents/turing/mod3/news-album/src/components/Nav/Nav.js
FN:4,(anonymous_0)
FNF:1
FNH:1
FNDA:2,(anonymous_0)
DA:4,2
DA:5,2
LF:2
LH:2
BRF:0
BRH:0
end_of_record
TN:
SF:/Users/whitneyburton/Documents/turing/mod3/news-album/src/containers/App/App.js
FN:16,(anonymous_0)
FN:22,(anonymous_1)
FN:27,(anonymous_2)
FN:29,(anonymous_3)
FN:31,(anonymous_4)
FN:39,(anonymous_5)
FN:43,(anonymous_6)
FN:69,(anonymous_7)
FN:72,(anonymous_8)
FN:75,(anonymous_9)
FN:87,(anonymous_10)
FN:94,(anonymous_11)
FN:95,(anonymous_12)
FN:96,(anonymous_13)
FN:97,(anonymous_14)
FNF:15
FNH:7
FNDA:6,(anonymous_0)
FNDA:0,(anonymous_1)
FNDA:0,(anonymous_2)
FNDA:0,(anonymous_3)
FNDA:0,(anonymous_4)
FNDA:0,(anonymous_5)
FNDA:5,(anonymous_6)
FNDA:0,(anonymous_7)
FNDA:0,(anonymous_8)
FNDA:0,(anonymous_9)
FNDA:1,(anonymous_10)
FNDA:3,(anonymous_11)
FNDA:1,(anonymous_12)
FNDA:1,(anonymous_13)
FNDA:1,(anonymous_14)
DA:17,6
DA:18,6
DA:19,6
DA:23,0
DA:24,0
DA:26,0
DA:27,0
DA:28,0
DA:29,0
DA:30,0
DA:31,0
DA:33,0
DA:44,5
DA:45,5
DA:69,0
DA:72,0
DA:75,0
DA:87,1
DA:94,3
DA:95,1
DA:96,1
DA:97,1
DA:102,1
LF:23
LH:11
BRDA:26,0,0,0
BRDA:26,0,1,0
BRDA:28,1,0,0
BRDA:28,1,1,0
BRDA:30,2,0,0
BRDA:30,2,1,0
BRDA:33,3,0,0
BRDA:33,3,1,0
BRDA:56,4,0,5
BRDA:56,4,1,0
BRF:10
BRH:1
end_of_record
TN:
SF:/Users/whitneyburton/Documents/turing/mod3/news-album/src/containers/Article/Article.js
FN:7,(anonymous_0)
FN:18,(anonymous_1)
FNF:2
FNH:2
FNDA:9,(anonymous_0)
FNDA:6,(anonymous_1)
DA:8,9
DA:9,9
DA:10,5
DA:11,4
DA:12,2
DA:13,2
DA:14,2
DA:19,6
DA:20,6
DA:21,6
DA:32,3
LF:11
LH:11
BRDA:9,0,0,5
BRDA:9,0,1,4
BRDA:11,1,0,2
BRDA:11,1,1,2
BRDA:13,2,0,2
BRDA:13,2,1,0
BRF:6
BRH:5
end_of_record
TN:
SF:/Users/whitneyburton/Documents/turing/mod3/news-album/src/containers/ArticleContainer/ArticleContainer.js
FN:9,(anonymous_0)
FN:14,(anonymous_1)
FN:19,(anonymous_2)
FN:24,(anonymous_3)
FN:32,(anonymous_4)
FN:53,(anonymous_5)
FNF:6
FNH:3
FNDA:2,(anonymous_0)
FNDA:0,(anonymous_1)
FNDA:0,(anonymous_2)
FNDA:0,(anonymous_3)
FNDA:2,(anonymous_4)
FNDA:1,(anonymous_5)
DA:10,2
DA:11,2
DA:14,0
DA:15,0
DA:19,0
DA:20,0
DA:24,0
DA:25,0
DA:28,2
DA:33,2
DA:34,2
DA:36,2
DA:42,2
DA:53,2
DA:61,2
LF:15
LH:9
BRDA:11,0,0,0
BRDA:11,0,1,0
BRDA:11,0,2,0
BRDA:11,0,3,0
BRDA:11,0,4,0
BRDA:11,0,5,0
BRDA:11,0,6,2
BRDA:34,1,0,0
BRDA:34,1,1,2
BRF:9
BRH:2
end_of_record
TN:
SF:/Users/whitneyburton/Documents/turing/mod3/news-album/src/containers/Popup/Popup.js
FN:9,(anonymous_0)
FN:16,(anonymous_1)
FN:24,(anonymous_2)
FN:48,(anonymous_3)
FNF:4
FNH:2
FNDA:1,(anonymous_0)
FNDA:0,(anonymous_1)
FNDA:1,(anonymous_2)
FNDA:0,(anonymous_3)
DA:10,1
DA:11,1
DA:17,0
DA:18,0
DA:20,0
DA:25,1
DA:26,1
DA:27,0
DA:28,0
DA:30,0
DA:48,0
DA:59,2
LF:12
LH:5
BRDA:17,0,0,0
BRDA:17,0,1,0
BRF:2
BRH:0
end_of_record
TN:
SF:/Users/whitneyburton/Documents/turing/mod3/news-album/src/reducers/cryptoCoinsReducer.js
FN:3,(anonymous_0)
FN:6,(anonymous_1)
FNF:2
FNH:1
FNDA:3,(anonymous_0)
FNDA:0,(anonymous_1)
DA:3,1
DA:4,3
DA:6,0
DA:7,0
DA:8,0
DA:10,0
DA:12,3
LF:7
LH:3
BRDA:3,0,0,3
BRDA:4,1,0,0
BRDA:4,1,1,3
BRF:3
BRH:2
end_of_record
TN:
SF:/Users/whitneyburton/Documents/turing/mod3/news-album/src/reducers/errorReducer.js
FN:1,(anonymous_0)
FNF:1
FNH:1
FNDA:3,(anonymous_0)
DA:1,1
DA:2,3
DA:4,0
DA:6,3
LF:4
LH:3
BRDA:1,0,0,3
BRDA:2,1,0,0
BRDA:2,1,1,3
BRF:3
BRH:2
end_of_record
TN:
SF:/Users/whitneyburton/Documents/turing/mod3/news-album/src/reducers/isLoadingReducer.js
FN:1,(anonymous_0)
FNF:1
FNH:1
FNDA:3,(anonymous_0)
DA:1,1
DA:2,3
DA:4,0
DA:6,3
LF:4
LH:3
BRDA:1,0,0,3
BRDA:2,1,0,0
BRDA:2,1,1,3
BRF:3
BRH:2
end_of_record
TN:
SF:/Users/whitneyburton/Documents/turing/mod3/news-album/src/reducers/natGeoReducer.js
FN:3,(anonymous_0)
FN:6,(anonymous_1)
FNF:2
FNH:1
FNDA:3,(anonymous_0)
FNDA:0,(anonymous_1)
DA:3,1
DA:4,3
DA:6,0
DA:7,0
DA:8,0
DA:10,0
DA:12,3
LF:7
LH:3
BRDA:3,0,0,3
BRDA:4,1,0,0
BRDA:4,1,1,3
BRF:3
BRH:2
end_of_record
TN:
SF:/Users/whitneyburton/Documents/turing/mod3/news-album/src/reducers/newScientistReducer.js
FN:3,(anonymous_0)
FN:6,(anonymous_1)
FNF:2
FNH:1
FNDA:3,(anonymous_0)
FNDA:0,(anonymous_1)
DA:3,1
DA:4,3
DA:6,0
DA:7,0
DA:8,0
DA:10,0
DA:12,3
LF:7
LH:3
BRDA:3,0,0,3
BRDA:4,1,0,0
BRDA:4,1,1,3
BRF:3
BRH:2
end_of_record
TN:
SF:/Users/whitneyburton/Documents/turing/mod3/news-album/src/thunks/fetchCryptoCoins.js
FN:5,(anonymous_0)
FN:6,(anonymous_1)
FNF:2
FNH:2
FNDA:1,(anonymous_0)
FNDA:5,(anonymous_1)
DA:5,2
DA:6,1
DA:7,5
DA:8,5
DA:9,5
DA:10,4
DA:11,4
DA:12,4
DA:14,1
LF:9
LH:9
BRF:0
BRH:0
end_of_record
TN:
SF:/Users/whitneyburton/Documents/turing/mod3/news-album/src/thunks/fetchNatGeo.js
FN:5,(anonymous_0)
FN:6,(anonymous_1)
FNF:2
FNH:2
FNDA:1,(anonymous_0)
FNDA:5,(anonymous_1)
DA:5,2
DA:6,1
DA:7,5
DA:8,5
DA:9,5
DA:10,4
DA:11,4
DA:12,4
DA:14,1
LF:9
LH:9
BRF:0
BRH:0
end_of_record
TN:
SF:/Users/whitneyburton/Documents/turing/mod3/news-album/src/thunks/fetchNewScientist.js
FN:5,(anonymous_0)
FN:6,(anonymous_1)
FNF:2
FNH:2
FNDA:1,(anonymous_0)
FNDA:5,(anonymous_1)
DA:5,2
DA:6,1
DA:7,5
DA:8,5
DA:9,5
DA:10,4
DA:11,4
DA:12,4
DA:14,1
LF:9
LH:9
BRF:0
BRH:0
end_of_record
TN:
SF:/Users/whitneyburton/Documents/turing/mod3/news-album/src/utils/api-key.js
FNF:0
FNH:0
DA:1,6
LF:1
LH:1
BRF:0
BRH:0
end_of_record
TN:
SF:/Users/whitneyburton/Documents/turing/mod3/news-album/src/utils/api.js
FN:1,(anonymous_0)
FNF:1
FNH:0
FNDA:0,(anonymous_0)
DA:1,6
DA:2,0
DA:3,0
DA:4,0
DA:5,0
DA:7,0
LF:6
LH:1
BRDA:3,0,0,0
BRDA:3,0,1,0
BRF:2
BRH:0
end_of_record
